<?xml version="1.0" encoding="UTF-8"?>
<!-- Generated by org.testng.reporters.JUnitXMLReporter -->
<testsuite ignored="0" hostname="exactpro-nb156" failures="0" tests="5" name="Test Automation Demo Testcases" time="72.74" errors="0" timestamp="31 May 2023 05:37:01 GMT">
  <testcase classname="com.actitime.qa.testcases.HomePageTest" name="homePageLogoTest" time="4.748"/>
  <testcase classname="com.actitime.qa.testcases.LogonPageTest" name="loginPageLogoTest" time="0.053"/>
  <testcase classname="com.actitime.qa.testcases.HomePageTest" name="homePageTaskLinkTest" time="7.438"/>
  <testcase classname="com.actitime.qa.testcases.LogonPageTest" name="LoginTest" time="0.297"/>
  <testcase classname="com.actitime.qa.testcases.LogonPageTest" name="LoginTest" time="0.302"/>
</testsuite> <!-- Test Automation Demo Testcases -->
