<?xml version="1.0" encoding="UTF-8"?>
<!-- Generated by org.testng.reporters.JUnitXMLReporter -->
<testsuite ignored="0" hostname="Methulis-Air" failures="0" tests="5" name="UCSC Test Automation Demo Testcases" time="89.945" errors="0" timestamp="07 Sep 2021 20:14:40 GMT">
  <testcase classname="com.actitime.qa.testcases.HomePageTest" name="homePageLogoTest" time="6.05"/>
  <testcase classname="com.actitime.qa.testcases.LogonPageTest" name="loginPageLogoTest" time="0.213"/>
  <testcase classname="com.actitime.qa.testcases.HomePageTest" name="homePageTaskLinkTest" time="8.962"/>
  <testcase classname="com.actitime.qa.testcases.LogonPageTest" name="LoginTest" time="1.055"/>
  <testcase classname="com.actitime.qa.testcases.LogonPageTest" name="LoginTest" time="0.983"/>
</testsuite> <!-- UCSC Test Automation Demo Testcases -->
