<?xml version="1.0" encoding="UTF-8"?>
<testng-results ignored="0" total="5" passed="5" failed="0" skipped="0">
  <reporter-output>
  </reporter-output>
  <suite started-at="2023-05-31T05:35:48Z" name="UCSC Test Automation Demo" finished-at="2023-05-31T05:37:01Z" duration-ms="72740">
    <groups>
    </groups>
    <test started-at="2023-05-31T05:35:48Z" name="Test Automation Demo Testcases" finished-at="2023-05-31T05:37:01Z" duration-ms="72740">
      <class name="com.actitime.qa.testcases.HomePageTest">
        <test-method is-config="true" signature="seup()[pri:0, instance:com.actitime.qa.testcases.HomePageTest@45ca843]" started-at="2023-05-31T05:35:48Z" name="seup" finished-at="2023-05-31T05:36:02Z" duration-ms="13046" status="PASS">
          <reporter-output>
          </reporter-output>
        </test-method> <!-- seup -->
        <test-method signature="homePageLogoTest()[pri:1, instance:com.actitime.qa.testcases.HomePageTest@45ca843]" started-at="2023-05-31T05:36:02Z" name="homePageLogoTest" finished-at="2023-05-31T05:36:06Z" duration-ms="4748" status="PASS">
          <reporter-output>
          </reporter-output>
        </test-method> <!-- homePageLogoTest -->
        <test-method is-config="true" signature="tearDown()[pri:0, instance:com.actitime.qa.testcases.HomePageTest@45ca843]" started-at="2023-05-31T05:36:06Z" name="tearDown" finished-at="2023-05-31T05:36:07Z" duration-ms="244" status="PASS">
          <reporter-output>
          </reporter-output>
        </test-method> <!-- tearDown -->
        <test-method is-config="true" signature="seup()[pri:0, instance:com.actitime.qa.testcases.HomePageTest@45ca843]" started-at="2023-05-31T05:36:18Z" name="seup" finished-at="2023-05-31T05:36:29Z" duration-ms="10463" status="PASS">
          <reporter-output>
          </reporter-output>
        </test-method> <!-- seup -->
        <test-method signature="homePageTaskLinkTest()[pri:2, instance:com.actitime.qa.testcases.HomePageTest@45ca843]" started-at="2023-05-31T05:36:29Z" name="homePageTaskLinkTest" finished-at="2023-05-31T05:36:36Z" duration-ms="7438" status="PASS">
          <reporter-output>
          </reporter-output>
        </test-method> <!-- homePageTaskLinkTest -->
        <test-method is-config="true" signature="tearDown()[pri:0, instance:com.actitime.qa.testcases.HomePageTest@45ca843]" started-at="2023-05-31T05:36:36Z" name="tearDown" finished-at="2023-05-31T05:36:36Z" duration-ms="190" status="PASS">
          <reporter-output>
          </reporter-output>
        </test-method> <!-- tearDown -->
      </class> <!-- com.actitime.qa.testcases.HomePageTest -->
      <class name="com.actitime.qa.testcases.LogonPageTest">
        <test-method is-config="true" signature="seup()[pri:0, instance:com.actitime.qa.testcases.LogonPageTest@11c9af63]" started-at="2023-05-31T05:36:07Z" name="seup" finished-at="2023-05-31T05:36:18Z" duration-ms="11512" status="PASS">
          <reporter-output>
          </reporter-output>
        </test-method> <!-- seup -->
        <test-method signature="loginPageLogoTest()[pri:1, instance:com.actitime.qa.testcases.LogonPageTest@11c9af63]" started-at="2023-05-31T05:36:18Z" name="loginPageLogoTest" finished-at="2023-05-31T05:36:18Z" duration-ms="53" status="PASS">
          <reporter-output>
          </reporter-output>
        </test-method> <!-- loginPageLogoTest -->
        <test-method is-config="true" signature="tearDown()[pri:0, instance:com.actitime.qa.testcases.LogonPageTest@11c9af63]" started-at="2023-05-31T05:36:18Z" name="tearDown" finished-at="2023-05-31T05:36:18Z" duration-ms="171" status="PASS">
          <reporter-output>
          </reporter-output>
        </test-method> <!-- tearDown -->
        <test-method is-config="true" signature="seup()[pri:0, instance:com.actitime.qa.testcases.LogonPageTest@11c9af63]" started-at="2023-05-31T05:36:37Z" name="seup" finished-at="2023-05-31T05:36:48Z" duration-ms="10726" status="PASS">
          <reporter-output>
          </reporter-output>
        </test-method> <!-- seup -->
        <test-method signature="LoginTest(java.lang.String, java.lang.String)[pri:2, instance:com.actitime.qa.testcases.LogonPageTest@11c9af63]" started-at="2023-05-31T05:36:48Z" name="LoginTest" data-provider="getactiTimeTestData" finished-at="2023-05-31T05:36:48Z" duration-ms="297" status="PASS">
          <params>
            <param index="0">
              <value>
                <![CDATA[admin]]>
              </value>
            </param>
            <param index="1">
              <value>
                <![CDATA[manager]]>
              </value>
            </param>
          </params>
          <reporter-output>
          </reporter-output>
        </test-method> <!-- LoginTest -->
        <test-method is-config="true" signature="tearDown()[pri:0, instance:com.actitime.qa.testcases.LogonPageTest@11c9af63]" started-at="2023-05-31T05:36:48Z" name="tearDown" finished-at="2023-05-31T05:36:49Z" duration-ms="173" status="PASS">
          <reporter-output>
          </reporter-output>
        </test-method> <!-- tearDown -->
        <test-method is-config="true" signature="seup()[pri:0, instance:com.actitime.qa.testcases.LogonPageTest@11c9af63]" started-at="2023-05-31T05:36:49Z" name="seup" finished-at="2023-05-31T05:37:01Z" duration-ms="12113" status="PASS">
          <reporter-output>
          </reporter-output>
        </test-method> <!-- seup -->
        <test-method signature="LoginTest(java.lang.String, java.lang.String)[pri:2, instance:com.actitime.qa.testcases.LogonPageTest@11c9af63]" started-at="2023-05-31T05:37:01Z" name="LoginTest" data-provider="getactiTimeTestData" finished-at="2023-05-31T05:37:01Z" duration-ms="302" status="PASS">
          <params>
            <param index="0">
              <value>
                <![CDATA[trainee]]>
              </value>
            </param>
            <param index="1">
              <value>
                <![CDATA[trainee]]>
              </value>
            </param>
          </params>
          <reporter-output>
          </reporter-output>
        </test-method> <!-- LoginTest -->
        <test-method is-config="true" signature="tearDown()[pri:0, instance:com.actitime.qa.testcases.LogonPageTest@11c9af63]" started-at="2023-05-31T05:37:01Z" name="tearDown" finished-at="2023-05-31T05:37:01Z" duration-ms="216" status="PASS">
          <reporter-output>
          </reporter-output>
        </test-method> <!-- tearDown -->
      </class> <!-- com.actitime.qa.testcases.LogonPageTest -->
    </test> <!-- Test Automation Demo Testcases -->
  </suite> <!-- UCSC Test Automation Demo -->
</testng-results>
