<?xml version="1.0" encoding="UTF-8"?>
<!-- Generated by org.testng.reporters.JUnitXMLReporter -->
<testsuite ignored="0" hostname="exactpro-nb156" failures="0" tests="5" name="Command line test" time="77.41" errors="0" timestamp="31 May 2023 05:35:31 GMT">
  <testcase classname="com.actitime.qa.testcases.HomePageTest" name="homePageLogoTest" time="6.373"/>
  <testcase classname="com.actitime.qa.testcases.LogonPageTest" name="loginPageLogoTest" time="0.078"/>
  <testcase classname="com.actitime.qa.testcases.HomePageTest" name="homePageTaskLinkTest" time="8.013"/>
  <testcase classname="com.actitime.qa.testcases.LogonPageTest" name="LoginTest" time="0.317"/>
  <testcase classname="com.actitime.qa.testcases.LogonPageTest" name="LoginTest" time="0.328"/>
</testsuite> <!-- Command line test -->
